2026-06-10 13:46
[13:46:04]  Connect to Switch Box..............Failed.
[13:46:04]  Connect to Rotator.................Failed.
[13:46:04]  Connect to GS100..................Success.
[13:46:04]  TM Port 13 bind success.
[13:46:04]  BCN Port 31 bind success.
[13:46:04]  RPT Port 25 bind success.
[13:46:04]  Event Port 27 bind success.
[13:46:04]  Response Port 23 bind success.
[13:46:04]  Rotator Read Failed. Please Check Again.
[13:46:07]  Cannot Read 20 parameters of Table 0.
[13:46:10]  Cannot Read 13 parameters of Table 1.
[13:46:13]  Cannot Read 18 parameters of Table 5.
[14:40:13]  Start Engaging.
[14:40:13]  Start Engaging.
[14:40:18]  Finish Engaging.
[14:40:18]  Beacon Success : 0, Ping Success : 0
[14:40:20]  Rotator Read Failed. Please Check Again.
[14:40:25]  Start Engaging.
[14:40:25]  Start Engaging.
[14:40:33]  Finish Engaging.
[14:40:33]  Beacon Success : 0, Ping Success : 0
