2026-06-10 15:43
[15:43:15]  Connect to Switch Box..............Failed.
[15:43:15]  Connect to Rotator.................Failed.
[15:43:15]  Connect to GS100..................Success.
[15:43:15]  TM Port 13 bind success.
[15:43:15]  BCN Port 31 bind success.
[15:43:15]  RPT Port 25 bind success.
[15:43:15]  Event Port 27 bind success.
[15:43:15]  Response Port 23 bind success.
[15:43:15]  Rotator Read Failed. Please Check Again.
[15:43:19]  Cannot Read 20 parameters of Table 0.
[15:43:22]  Cannot Read 13 parameters of Table 1.
[15:43:24]  Cannot Read 18 parameters of Table 5.
[15:47:26]  Start Engaging.
[15:47:26]  Start Engaging.
[15:47:27]  Finish Engaging.
[15:47:27]  Beacon Success : 0, Ping Success : 0
[15:47:28]  Start Engaging.
[15:47:28]  Start Engaging.
[15:47:30]  Finish Engaging.
[15:47:30]  Beacon Success : 0, Ping Success : 0
[15:47:30]  Start Engaging.
[15:47:30]  Start Engaging.
[15:47:31]  Finish Engaging.
[15:47:31]  Beacon Success : 0, Ping Success : 0
[15:47:31]  Start Engaging.
[15:47:31]  Start Engaging.
